<?xml version="1.0" encoding="UTF-8"?>
<robot generator="Robot 4.1.1 (Python 3.8.3 on linux)" generated="20211113 14:09:44.212" rpa="false" schemaversion="2">
<suite id="s1" name="Testcases" source="/home/linjokin/Documents/ohtu-projekti/hytuslain/test/e2e/testcases">
<suite id="s1-s1" name="Guest Suite" source="/home/linjokin/Documents/ohtu-projekti/hytuslain/test/e2e/testcases/01__guest_suite.robot">
<kw name="Open Slack In Browser And Login As Guest" library="common" type="SETUP">
<kw name="Open Browser" library="Selenium2Library">
<arg>${LOGIN URL}</arg>
<arg>${BROWSER}</arg>
<doc>Opens a new browser instance to the optional ``url``.</doc>
<msg timestamp="20211113 14:09:44.377" level="INFO">Opening browser 'Chrome' to base url 'https://dev-hytuslain.slack.com'.</msg>
<status status="PASS" starttime="20211113 14:09:44.377" endtime="20211113 14:09:46.468"/>
</kw>
<kw name="Wait Until Element Is Visible" library="Selenium2Library">
<arg>//input[@data-qa='login_email']</arg>
<doc>Waits until the element ``locator`` is visible.</doc>
<status status="PASS" starttime="20211113 14:09:46.468" endtime="20211113 14:09:46.504"/>
</kw>
<kw name="Input Text" library="Selenium2Library">
<arg>//input[@data-qa='login_email']</arg>
<arg>${GUEST_EMAIL}</arg>
<doc>Types the given ``text`` into the text field identified by ``locator``.</doc>
<msg timestamp="20211113 14:09:46.505" level="INFO">Typing text 'batoh25883@fretice.com' into text field '//input[@data-qa='login_email']'.</msg>
<status status="PASS" starttime="20211113 14:09:46.505" endtime="20211113 14:09:46.751"/>
</kw>
<kw name="Input Password" library="Selenium2Library">
<arg>//input[@data-qa='login_password']</arg>
<arg>${GUEST_PASSWORD}</arg>
<doc>Types the given password into the text field identified by ``locator``.</doc>
<msg timestamp="20211113 14:09:46.751" level="INFO">Typing password into text field '//input[@data-qa='login_password']'.</msg>
<msg timestamp="20211113 14:09:46.784" level="INFO">Temporally setting log level to: NONE</msg>
<msg timestamp="20211113 14:09:46.877" level="INFO">Log level changed from NONE to INFO.</msg>
<status status="PASS" starttime="20211113 14:09:46.751" endtime="20211113 14:09:46.877"/>
</kw>
<kw name="Click Element" library="Selenium2Library">
<arg>//button[@data-qa='signin_button']</arg>
<doc>Click the element identified by ``locator``.</doc>
<msg timestamp="20211113 14:09:46.877" level="INFO">Clicking element '//button[@data-qa='signin_button']'.</msg>
<status status="PASS" starttime="20211113 14:09:46.877" endtime="20211113 14:09:48.245"/>
</kw>
<kw name="Sleep" library="BuiltIn">
<arg>2s</arg>
<doc>Pauses the test executed for the given time.</doc>
<msg timestamp="20211113 14:09:50.246" level="INFO">Slept 2 seconds</msg>
<status status="PASS" starttime="20211113 14:09:48.246" endtime="20211113 14:09:50.246"/>
</kw>
<kw name="Cancel Popup" library="HelpFunc">
<status status="PASS" starttime="20211113 14:09:50.247" endtime="20211113 14:09:50.269"/>
</kw>
<kw name="Go To" library="Selenium2Library">
<arg>${LOGIN URL}</arg>
<doc>Navigates the current browser window to the provided ``url``.</doc>
<msg timestamp="20211113 14:09:50.270" level="INFO">Opening url 'https://dev-hytuslain.slack.com'</msg>
<status status="PASS" starttime="20211113 14:09:50.269" endtime="20211113 14:09:54.633"/>
</kw>
<status status="PASS" starttime="20211113 14:09:44.377" endtime="20211113 14:09:54.633"/>
</kw>
<test id="s1-s1-t1" name="Can Go To Guest Channel">
<kw name="Maximize Browser Window" library="Selenium2Library">
<doc>Maximizes current browser window.</doc>
<status status="PASS" starttime="20211113 14:09:54.635" endtime="20211113 14:09:55.196"/>
</kw>
<kw name="Wait Until Element Is Visible" library="Selenium2Library">
<arg>//div[@data-qa='channel_name']</arg>
<doc>Waits until the element ``locator`` is visible.</doc>
<status status="PASS" starttime="20211113 14:09:55.196" endtime="20211113 14:09:55.894"/>
</kw>
<kw name="Element Should Contain" library="Selenium2Library">
<arg>//div[@data-qa='channel_name']</arg>
<arg>vieraskanava</arg>
<doc>Verifies that element ``locator`` contains text ``expected``.</doc>
<msg timestamp="20211113 14:09:56.062" level="INFO">Element '//div[@data-qa='channel_name']' contains text 'vieraskanava'.</msg>
<status status="PASS" starttime="20211113 14:09:55.894" endtime="20211113 14:09:56.062"/>
</kw>
<status status="PASS" starttime="20211113 14:09:54.633" endtime="20211113 14:09:56.063"/>
</test>
<test id="s1-s1-t2" name="Use Slash Command In Guest Channel">
<kw name="Input Text" library="Selenium2Library">
<arg>//div[@data-qa='message_input']/div</arg>
<arg>/lindalistaa tänään</arg>
<doc>Types the given ``text`` into the text field identified by ``locator``.</doc>
<msg timestamp="20211113 14:09:56.064" level="INFO">Typing text '/lindalistaa tänään' into text field '//div[@data-qa='message_input']/div'.</msg>
<status status="PASS" starttime="20211113 14:09:56.064" endtime="20211113 14:09:56.690"/>
</kw>
<kw name="Click Element" library="Selenium2Library">
<arg>//button[@data-qa='texty_send_button']</arg>
<doc>Click the element identified by ``locator``.</doc>
<msg timestamp="20211113 14:09:56.691" level="INFO">Clicking element '//button[@data-qa='texty_send_button']'.</msg>
<status status="PASS" starttime="20211113 14:09:56.690" endtime="20211113 14:09:57.093"/>
</kw>
<kw name="Sleep" library="BuiltIn">
<arg>1s</arg>
<doc>Pauses the test executed for the given time.</doc>
<msg timestamp="20211113 14:09:58.093" level="INFO">Slept 1 second</msg>
<status status="PASS" starttime="20211113 14:09:57.093" endtime="20211113 14:09:58.094"/>
</kw>
<kw name="Scroll Element Into View" library="Selenium2Library">
<arg>(//div[@class='c-virtual_list__scroll_container'])[2]/div[@class='c-virtual_list__item'][last()]</arg>
<doc>Scrolls the element identified by ``locator`` into view.</doc>
<status status="PASS" starttime="20211113 14:09:58.094" endtime="20211113 14:09:58.397"/>
</kw>
<kw name="Element Should Contain" library="Selenium2Library">
<arg>(//div[@class='c-virtual_list__scroll_container'])[2]/div[@class='c-virtual_list__item'][last()]</arg>
<arg>This command can't be used by guests in this workspace.</arg>
<doc>Verifies that element ``locator`` contains text ``expected``.</doc>
<msg timestamp="20211113 14:09:58.456" level="INFO">Element '(//div[@class='c-virtual_list__scroll_container'])[2]/div[@class='c-virtual_list__item'][last()]' contains text 'This command can't be used by guests in this workspace.'.</msg>
<status status="PASS" starttime="20211113 14:09:58.397" endtime="20211113 14:09:58.456"/>
</kw>
<status status="PASS" starttime="20211113 14:09:56.063" endtime="20211113 14:09:58.457"/>
</test>
<test id="s1-s1-t3" name="Cannot See App Content">
<kw name="Wait Until Element Is Visible" library="Selenium2Library">
<arg>//span[@data-qa='channel_sidebar_name_lindan-hybridilusmu']</arg>
<doc>Waits until the element ``locator`` is visible.</doc>
<status status="PASS" starttime="20211113 14:09:58.457" endtime="20211113 14:09:58.476"/>
</kw>
<kw name="Click Element" library="Selenium2Library">
<arg>//span[@data-qa='channel_sidebar_name_lindan-hybridilusmu']</arg>
<doc>Click the element identified by ``locator``.</doc>
<msg timestamp="20211113 14:09:58.477" level="INFO">Clicking element '//span[@data-qa='channel_sidebar_name_lindan-hybridilusmu']'.</msg>
<status status="PASS" starttime="20211113 14:09:58.477" endtime="20211113 14:09:58.634"/>
</kw>
<kw name="Wait Until Element Is Visible" library="Selenium2Library">
<arg>//div[@data-qa='app_home_bk_app_view']</arg>
<doc>Waits until the element ``locator`` is visible.</doc>
<status status="PASS" starttime="20211113 14:09:58.635" endtime="20211113 14:09:58.910"/>
</kw>
<kw name="Element Should Contain" library="Selenium2Library">
<arg>//div[@data-qa='app_home_bk_app_view']/*</arg>
<arg>Pahoittelut, @Vieras Testikäyttäjä. Olet vieraskäyttäjä tässä Slack-työtilassa, joten et voi käyttää tätä bottia.</arg>
<doc>Verifies that element ``locator`` contains text ``expected``.</doc>
<msg timestamp="20211113 14:09:58.963" level="INFO">Element '//div[@data-qa='app_home_bk_app_view']/*' contains text 'Pahoittelut, @Vieras Testikäyttäjä. Olet vieraskäyttäjä tässä Slack-työtilassa, joten et voi käyttää tätä bottia.'.</msg>
<status status="PASS" starttime="20211113 14:09:58.910" endtime="20211113 14:09:58.964"/>
</kw>
<kw name="Element Should Not Contain" library="Selenium2Library">
<arg>//div[@data-qa='app_home_bk_app_view']/*</arg>
<arg>Tiedot päivitetty</arg>
<doc>Verifies that element ``locator`` does not contain text ``expected``.</doc>
<msg timestamp="20211113 14:09:58.987" level="INFO">Element '//div[@data-qa='app_home_bk_app_view']/*' does not contain text 'Tiedot päivitetty'.</msg>
<status status="PASS" starttime="20211113 14:09:58.964" endtime="20211113 14:09:58.987"/>
</kw>
<kw name="Page Should Not Contain Element" library="Selenium2Library">
<arg>//div[@data-qa='app_home_bk_app_view']//button</arg>
<doc>Verifies that element ``locator`` is not found on the current page.</doc>
<msg timestamp="20211113 14:09:59.004" level="INFO">Current page does not contain element '//div[@data-qa='app_home_bk_app_view']//button'.</msg>
<status status="PASS" starttime="20211113 14:09:58.988" endtime="20211113 14:09:59.004"/>
</kw>
<status status="PASS" starttime="20211113 14:09:58.457" endtime="20211113 14:09:59.004"/>
</test>
<test id="s1-s1-t4" name="Error Message In Message Tab">
<kw name="Wait Until Element Is Visible" library="Selenium2Library">
<arg>//button[@data-qa='messages']</arg>
<doc>Waits until the element ``locator`` is visible.</doc>
<status status="PASS" starttime="20211113 14:09:59.007" endtime="20211113 14:09:59.037"/>
</kw>
<kw name="Click Element" library="Selenium2Library">
<arg>//button[@data-qa='messages']</arg>
<doc>Click the element identified by ``locator``.</doc>
<msg timestamp="20211113 14:09:59.038" level="INFO">Clicking element '//button[@data-qa='messages']'.</msg>
<status status="PASS" starttime="20211113 14:09:59.037" endtime="20211113 14:09:59.197"/>
</kw>
<kw name="Wait Until Element Is Visible" library="Selenium2Library">
<arg>//div[@data-qa='message_input']/div</arg>
<doc>Waits until the element ``locator`` is visible.</doc>
<status status="PASS" starttime="20211113 14:09:59.197" endtime="20211113 14:09:59.241"/>
</kw>
<kw name="Sleep" library="BuiltIn">
<arg>1s</arg>
<doc>Pauses the test executed for the given time.</doc>
<msg timestamp="20211113 14:10:00.241" level="INFO">Slept 1 second</msg>
<status status="PASS" starttime="20211113 14:09:59.241" endtime="20211113 14:10:00.242"/>
</kw>
<kw name="Element Should Contain" library="Selenium2Library">
<arg>(//div[@class='c-virtual_list__scroll_container'])[2]/div[@class='c-virtual_list__item'][last()]</arg>
<arg>Pahoittelut, @Vieras Testikäyttäjä. Olet vieraskäyttäjä tässä Slack-työtilassa, joten et voi käyttää tätä bottia.</arg>
<doc>Verifies that element ``locator`` contains text ``expected``.</doc>
<msg timestamp="20211113 14:10:00.291" level="INFO">Element '(//div[@class='c-virtual_list__scroll_container'])[2]/div[@class='c-virtual_list__item'][last()]' contains text 'Pahoittelut, @Vieras Testikäyttäjä. Olet vieraskäyttäjä tässä Slack-työtilassa, joten et voi käyttää tätä bottia.'.</msg>
<status status="PASS" starttime="20211113 14:10:00.243" endtime="20211113 14:10:00.291"/>
</kw>
<kw name="Input Text" library="Selenium2Library">
<arg>//div[@data-qa='message_input']/div</arg>
<arg>/lindalistaa tänään</arg>
<doc>Types the given ``text`` into the text field identified by ``locator``.</doc>
<msg timestamp="20211113 14:10:00.291" level="INFO">Typing text '/lindalistaa tänään' into text field '//div[@data-qa='message_input']/div'.</msg>
<status status="PASS" starttime="20211113 14:10:00.291" endtime="20211113 14:10:00.595"/>
</kw>
<kw name="Click Element" library="Selenium2Library">
<arg>//button[@data-qa='texty_send_button']</arg>
<doc>Click the element identified by ``locator``.</doc>
<msg timestamp="20211113 14:10:00.596" level="INFO">Clicking element '//button[@data-qa='texty_send_button']'.</msg>
<status status="PASS" starttime="20211113 14:10:00.595" endtime="20211113 14:10:00.819"/>
</kw>
<kw name="Sleep" library="BuiltIn">
<arg>1s</arg>
<doc>Pauses the test executed for the given time.</doc>
<msg timestamp="20211113 14:10:01.820" level="INFO">Slept 1 second</msg>
<status status="PASS" starttime="20211113 14:10:00.819" endtime="20211113 14:10:01.820"/>
</kw>
<kw name="Scroll Element Into View" library="Selenium2Library">
<arg>(//div[@class='c-virtual_list__scroll_container'])[2]/div[@class='c-virtual_list__item'][last()]</arg>
<doc>Scrolls the element identified by ``locator`` into view.</doc>
<status status="PASS" starttime="20211113 14:10:01.821" endtime="20211113 14:10:02.109"/>
</kw>
<kw name="Element Should Contain" library="Selenium2Library">
<arg>(//div[@class='c-virtual_list__scroll_container'])[2]/div[@class='c-virtual_list__item'][last()]</arg>
<arg>This command can't be used by guests in this workspace.</arg>
<doc>Verifies that element ``locator`` contains text ``expected``.</doc>
<msg timestamp="20211113 14:10:02.169" level="INFO">Element '(//div[@class='c-virtual_list__scroll_container'])[2]/div[@class='c-virtual_list__item'][last()]' contains text 'This command can't be used by guests in this workspace.'.</msg>
<status status="PASS" starttime="20211113 14:10:02.109" endtime="20211113 14:10:02.169"/>
</kw>
<status status="PASS" starttime="20211113 14:09:59.005" endtime="20211113 14:10:02.169"/>
</test>
<kw name="Close Test Browser" library="common" type="TEARDOWN">
<kw name="Close All Browsers" library="Selenium2Library">
<doc>Closes all open browsers and resets the browser cache.</doc>
<status status="PASS" starttime="20211113 14:10:02.171" endtime="20211113 14:10:02.282"/>
</kw>
<status status="PASS" starttime="20211113 14:10:02.170" endtime="20211113 14:10:02.282"/>
</kw>
<status status="PASS" starttime="20211113 14:09:44.229" endtime="20211113 14:10:02.282"/>
</suite>
<suite id="s1-s2" name="Home Tab Signups" source="/home/linjokin/Documents/ohtu-projekti/hytuslain/test/e2e/testcases/02__home_tab_signups.robot">
<kw name="Open Slack In Browser And Login As User" library="common" type="SETUP">
<kw name="Open Browser" library="Selenium2Library">
<arg>${LOGIN URL}</arg>
<arg>${BROWSER}</arg>
<doc>Opens a new browser instance to the optional ``url``.</doc>
<msg timestamp="20211113 14:10:02.289" level="INFO">Opening browser 'Chrome' to base url 'https://dev-hytuslain.slack.com'.</msg>
<status status="PASS" starttime="20211113 14:10:02.289" endtime="20211113 14:10:04.668"/>
</kw>
<kw name="Wait Until Element Is Visible" library="Selenium2Library">
<arg>//input[@data-qa='login_email']</arg>
<doc>Waits until the element ``locator`` is visible.</doc>
<status status="PASS" starttime="20211113 14:10:04.669" endtime="20211113 14:10:04.725"/>
</kw>
<kw name="Input Text" library="Selenium2Library">
<arg>//input[@data-qa='login_email']</arg>
<arg>${USER_EMAIL}</arg>
<doc>Types the given ``text`` into the text field identified by ``locator``.</doc>
<msg timestamp="20211113 14:10:04.726" level="INFO">Typing text '508ef628-b957-4779-98bf-80c0963fb4f2@mailslurp.com' into text field '//input[@data-qa='login_email']'.</msg>
<status status="PASS" starttime="20211113 14:10:04.725" endtime="20211113 14:10:05.119"/>
</kw>
<kw name="Input Password" library="Selenium2Library">
<arg>//input[@data-qa='login_password']</arg>
<arg>${USER_PASSWORD}</arg>
<doc>Types the given password into the text field identified by ``locator``.</doc>
<msg timestamp="20211113 14:10:05.120" level="INFO">Typing password into text field '//input[@data-qa='login_password']'.</msg>
<msg timestamp="20211113 14:10:05.153" level="INFO">Temporally setting log level to: NONE</msg>
<msg timestamp="20211113 14:10:05.247" level="INFO">Log level changed from NONE to INFO.</msg>
<status status="PASS" starttime="20211113 14:10:05.119" endtime="20211113 14:10:05.247"/>
</kw>
<kw name="Click Element" library="Selenium2Library">
<arg>//button[@data-qa='signin_button']</arg>
<doc>Click the element identified by ``locator``.</doc>
<msg timestamp="20211113 14:10:05.247" level="INFO">Clicking element '//button[@data-qa='signin_button']'.</msg>
<status status="PASS" starttime="20211113 14:10:05.247" endtime="20211113 14:10:06.715"/>
</kw>
<kw name="Sleep" library="BuiltIn">
<arg>2s</arg>
<doc>Pauses the test executed for the given time.</doc>
<msg timestamp="20211113 14:10:08.716" level="INFO">Slept 2 seconds</msg>
<status status="PASS" starttime="20211113 14:10:06.715" endtime="20211113 14:10:08.716"/>
</kw>
<kw name="Cancel Popup" library="HelpFunc">
<status status="PASS" starttime="20211113 14:10:08.716" endtime="20211113 14:10:08.728"/>
</kw>
<kw name="Go To" library="Selenium2Library">
<arg>${LOGIN URL}</arg>
<doc>Navigates the current browser window to the provided ``url``.</doc>
<msg timestamp="20211113 14:10:08.729" level="INFO">Opening url 'https://dev-hytuslain.slack.com'</msg>
<status status="PASS" starttime="20211113 14:10:08.728" endtime="20211113 14:10:12.444"/>
</kw>
<status status="PASS" starttime="20211113 14:10:02.288" endtime="20211113 14:10:12.444"/>
</kw>
<test id="s1-s2-t1" name="Can Open Home Tab">
<kw name="Sleep" library="BuiltIn">
<arg>1s</arg>
<doc>Pauses the test executed for the given time.</doc>
<msg timestamp="20211113 14:10:13.447" level="INFO">Slept 1 second</msg>
<status status="PASS" starttime="20211113 14:10:12.446" endtime="20211113 14:10:13.447"/>
</kw>
<kw name="Maximize Browser Window" library="Selenium2Library">
<doc>Maximizes current browser window.</doc>
<status status="PASS" starttime="20211113 14:10:13.447" endtime="20211113 14:10:13.904"/>
</kw>
<kw name="Scroll Element Into View" library="Selenium2Library">
<arg>//span[@data-qa='channel_sidebar_name_lindan-hybridilusmu']</arg>
<doc>Scrolls the element identified by ``locator`` into view.</doc>
<status status="PASS" starttime="20211113 14:10:13.904" endtime="20211113 14:10:14.693"/>
</kw>
<kw name="Wait Until Element Is Visible" library="Selenium2Library">
<arg>//span[@data-qa='channel_sidebar_name_lindan-hybridilusmu']</arg>
<doc>Waits until the element ``locator`` is visible.</doc>
<status status="PASS" starttime="20211113 14:10:14.694" endtime="20211113 14:10:14.724"/>
</kw>
<kw name="Click Element" library="Selenium2Library">
<arg>//span[@data-qa='channel_sidebar_name_lindan-hybridilusmu']</arg>
<doc>Click the element identified by ``locator``.</doc>
<msg timestamp="20211113 14:10:14.725" level="INFO">Clicking element '//span[@data-qa='channel_sidebar_name_lindan-hybridilusmu']'.</msg>
<status status="PASS" starttime="20211113 14:10:14.724" endtime="20211113 14:10:14.953"/>
</kw>
<kw name="Element Should Contain" library="Selenium2Library">
<arg>//div[@data-qa='channel_name']</arg>
<arg>Lindan-hybridilusmu</arg>
<doc>Verifies that element ``locator`` contains text ``expected``.</doc>
<msg timestamp="20211113 14:10:15.062" level="INFO">Element '//div[@data-qa='channel_name']' contains text 'Lindan-hybridilusmu'.</msg>
<status status="PASS" starttime="20211113 14:10:14.953" endtime="20211113 14:10:15.062"/>
</kw>
<status status="PASS" starttime="20211113 14:10:12.445" endtime="20211113 14:10:15.063"/>
</test>
<test id="s1-s2-t2" name="Correct Dates">
<kw name="Sleep" library="BuiltIn">
<arg>1s</arg>
<doc>Pauses the test executed for the given time.</doc>
<msg timestamp="20211113 14:10:16.065" level="INFO">Slept 1 second</msg>
<status status="PASS" starttime="20211113 14:10:15.064" endtime="20211113 14:10:16.066"/>
</kw>
<kw name="Get Date For Home Tab Signups" library="HelpFunc">
<var>${date}</var>
<msg timestamp="20211113 14:10:16.067" level="INFO">${date} = None</msg>
<status status="PASS" starttime="20211113 14:10:16.066" endtime="20211113 14:10:16.068"/>
</kw>
<kw name="Element Should Be Visible" library="Selenium2Library">
<arg>//div[@data-qa='block-kit-renderer']//div[contains(h3, $date)]</arg>
<doc>Verifies that the element identified by ``locator`` is visible.</doc>
<msg timestamp="20211113 14:10:16.151" level="INFO">Element '//div[@data-qa='block-kit-renderer']//div[contains(h3, $date)]' is displayed.</msg>
<status status="PASS" starttime="20211113 14:10:16.068" endtime="20211113 14:10:16.151"/>
</kw>
<status status="PASS" starttime="20211113 14:10:15.063" endtime="20211113 14:10:16.151"/>
</test>
<kw name="Close Test Browser" library="common" type="TEARDOWN">
<kw name="Close All Browsers" library="Selenium2Library">
<doc>Closes all open browsers and resets the browser cache.</doc>
<status status="PASS" starttime="20211113 14:10:16.153" endtime="20211113 14:10:16.230"/>
</kw>
<status status="PASS" starttime="20211113 14:10:16.153" endtime="20211113 14:10:16.231"/>
</kw>
<status status="PASS" starttime="20211113 14:10:02.284" endtime="20211113 14:10:16.231"/>
</suite>
<suite id="s1-s3" name="Message Tab" source="/home/linjokin/Documents/ohtu-projekti/hytuslain/test/e2e/testcases/03__message_tab.robot">
<kw name="Open Slack In Browser And Login As User" library="common" type="SETUP">
<kw name="Open Browser" library="Selenium2Library">
<arg>${LOGIN URL}</arg>
<arg>${BROWSER}</arg>
<doc>Opens a new browser instance to the optional ``url``.</doc>
<msg timestamp="20211113 14:10:16.245" level="INFO">Opening browser 'Chrome' to base url 'https://dev-hytuslain.slack.com'.</msg>
<status status="PASS" starttime="20211113 14:10:16.245" endtime="20211113 14:10:18.346"/>
</kw>
<kw name="Wait Until Element Is Visible" library="Selenium2Library">
<arg>//input[@data-qa='login_email']</arg>
<doc>Waits until the element ``locator`` is visible.</doc>
<status status="PASS" starttime="20211113 14:10:18.346" endtime="20211113 14:10:18.395"/>
</kw>
<kw name="Input Text" library="Selenium2Library">
<arg>//input[@data-qa='login_email']</arg>
<arg>${USER_EMAIL}</arg>
<doc>Types the given ``text`` into the text field identified by ``locator``.</doc>
<msg timestamp="20211113 14:10:18.396" level="INFO">Typing text '508ef628-b957-4779-98bf-80c0963fb4f2@mailslurp.com' into text field '//input[@data-qa='login_email']'.</msg>
<status status="PASS" starttime="20211113 14:10:18.395" endtime="20211113 14:10:18.798"/>
</kw>
<kw name="Input Password" library="Selenium2Library">
<arg>//input[@data-qa='login_password']</arg>
<arg>${USER_PASSWORD}</arg>
<doc>Types the given password into the text field identified by ``locator``.</doc>
<msg timestamp="20211113 14:10:18.799" level="INFO">Typing password into text field '//input[@data-qa='login_password']'.</msg>
<msg timestamp="20211113 14:10:18.832" level="INFO">Temporally setting log level to: NONE</msg>
<msg timestamp="20211113 14:10:18.927" level="INFO">Log level changed from NONE to INFO.</msg>
<status status="PASS" starttime="20211113 14:10:18.799" endtime="20211113 14:10:18.927"/>
</kw>
<kw name="Click Element" library="Selenium2Library">
<arg>//button[@data-qa='signin_button']</arg>
<doc>Click the element identified by ``locator``.</doc>
<msg timestamp="20211113 14:10:18.927" level="INFO">Clicking element '//button[@data-qa='signin_button']'.</msg>
<status status="PASS" starttime="20211113 14:10:18.927" endtime="20211113 14:10:20.290"/>
</kw>
<kw name="Sleep" library="BuiltIn">
<arg>2s</arg>
<doc>Pauses the test executed for the given time.</doc>
<msg timestamp="20211113 14:10:22.291" level="INFO">Slept 2 seconds</msg>
<status status="PASS" starttime="20211113 14:10:20.290" endtime="20211113 14:10:22.291"/>
</kw>
<kw name="Cancel Popup" library="HelpFunc">
<status status="PASS" starttime="20211113 14:10:22.292" endtime="20211113 14:10:22.300"/>
</kw>
<kw name="Go To" library="Selenium2Library">
<arg>${LOGIN URL}</arg>
<doc>Navigates the current browser window to the provided ``url``.</doc>
<msg timestamp="20211113 14:10:22.300" level="INFO">Opening url 'https://dev-hytuslain.slack.com'</msg>
<status status="PASS" starttime="20211113 14:10:22.300" endtime="20211113 14:10:25.837"/>
</kw>
<status status="PASS" starttime="20211113 14:10:16.244" endtime="20211113 14:10:25.837"/>
</kw>
<test id="s1-s3-t1" name="Can Open Home Tab">
<kw name="Sleep" library="BuiltIn">
<arg>1s</arg>
<doc>Pauses the test executed for the given time.</doc>
<msg timestamp="20211113 14:10:26.840" level="INFO">Slept 1 second</msg>
<status status="PASS" starttime="20211113 14:10:25.839" endtime="20211113 14:10:26.840"/>
</kw>
<kw name="Maximize Browser Window" library="Selenium2Library">
<doc>Maximizes current browser window.</doc>
<status status="PASS" starttime="20211113 14:10:26.840" endtime="20211113 14:10:27.207"/>
</kw>
<kw name="Scroll Element Into View" library="Selenium2Library">
<arg>//span[@data-qa='channel_sidebar_name_lindan-hybridilusmu']</arg>
<doc>Scrolls the element identified by ``locator`` into view.</doc>
<status status="PASS" starttime="20211113 14:10:27.207" endtime="20211113 14:10:27.970"/>
</kw>
<kw name="Wait Until Element Is Visible" library="Selenium2Library">
<arg>//span[@data-qa='channel_sidebar_name_lindan-hybridilusmu']</arg>
<doc>Waits until the element ``locator`` is visible.</doc>
<status status="PASS" starttime="20211113 14:10:27.970" endtime="20211113 14:10:28.007"/>
</kw>
<kw name="Click Element" library="Selenium2Library">
<arg>//span[@data-qa='channel_sidebar_name_lindan-hybridilusmu']</arg>
<doc>Click the element identified by ``locator``.</doc>
<msg timestamp="20211113 14:10:28.008" level="INFO">Clicking element '//span[@data-qa='channel_sidebar_name_lindan-hybridilusmu']'.</msg>
<status status="PASS" starttime="20211113 14:10:28.007" endtime="20211113 14:10:28.222"/>
</kw>
<kw name="Element Should Contain" library="Selenium2Library">
<arg>//div[@data-qa='channel_name']</arg>
<arg>Lindan-hybridilusmu</arg>
<doc>Verifies that element ``locator`` contains text ``expected``.</doc>
<msg timestamp="20211113 14:10:28.383" level="INFO">Element '//div[@data-qa='channel_name']' contains text 'Lindan-hybridilusmu'.</msg>
<status status="PASS" starttime="20211113 14:10:28.223" endtime="20211113 14:10:28.383"/>
</kw>
<status status="PASS" starttime="20211113 14:10:25.838" endtime="20211113 14:10:28.384"/>
</test>
<test id="s1-s3-t2" name="Can Go To Message Tab">
<kw name="Wait Until Element Is Visible" library="Selenium2Library">
<arg>//button[@data-qa='messages']</arg>
<doc>Waits until the element ``locator`` is visible.</doc>
<status status="PASS" starttime="20211113 14:10:28.386" endtime="20211113 14:10:28.817"/>
</kw>
<kw name="Click Element" library="Selenium2Library">
<arg>//button[@data-qa='messages']</arg>
<doc>Click the element identified by ``locator``.</doc>
<msg timestamp="20211113 14:10:28.817" level="INFO">Clicking element '//button[@data-qa='messages']'.</msg>
<status status="PASS" starttime="20211113 14:10:28.817" endtime="20211113 14:10:29.060"/>
</kw>
<kw name="Wait Until Element Is Visible" library="Selenium2Library">
<arg>//div[@data-qa='message_input']/div</arg>
<doc>Waits until the element ``locator`` is visible.</doc>
<status status="PASS" starttime="20211113 14:10:29.061" endtime="20211113 14:10:29.133"/>
</kw>
<status status="PASS" starttime="20211113 14:10:28.385" endtime="20211113 14:10:29.133"/>
</test>
<test id="s1-s3-t3" name="List Saturday Command Gives Correct Respond">
<kw name="Get List Command" library="HelpFunc">
<var>${LIST_COMMAND}</var>
<msg timestamp="20211113 14:10:29.135" level="INFO">${LIST_COMMAND} = /lindalistaa</msg>
<status status="PASS" starttime="20211113 14:10:29.134" endtime="20211113 14:10:29.135"/>
</kw>
<kw name="Set Global Variable" library="BuiltIn">
<arg>${LIST_COMMAND}</arg>
<arg>${LIST_COMMAND}</arg>
<doc>Makes a variable available globally in all tests and suites.</doc>
<msg timestamp="20211113 14:10:29.136" level="INFO">${LIST_COMMAND} = /lindalistaa</msg>
<status status="PASS" starttime="20211113 14:10:29.135" endtime="20211113 14:10:29.136"/>
</kw>
<kw name="Input Text" library="Selenium2Library">
<arg>//div[@data-qa='message_input']/div</arg>
<arg>${LIST_COMMAND} la</arg>
<doc>Types the given ``text`` into the text field identified by ``locator``.</doc>
<msg timestamp="20211113 14:10:29.137" level="INFO">Typing text '/lindalistaa la' into text field '//div[@data-qa='message_input']/div'.</msg>
<status status="PASS" starttime="20211113 14:10:29.136" endtime="20211113 14:10:29.712"/>
</kw>
<kw name="Click Element" library="Selenium2Library">
<arg>//button[@data-qa='texty_send_button']</arg>
<doc>Click the element identified by ``locator``.</doc>
<msg timestamp="20211113 14:10:29.713" level="INFO">Clicking element '//button[@data-qa='texty_send_button']'.</msg>
<status status="PASS" starttime="20211113 14:10:29.712" endtime="20211113 14:10:30.059"/>
</kw>
<kw name="Sleep" library="BuiltIn">
<arg>2s</arg>
<doc>Pauses the test executed for the given time.</doc>
<msg timestamp="20211113 14:10:32.060" level="INFO">Slept 2 seconds</msg>
<status status="PASS" starttime="20211113 14:10:30.060" endtime="20211113 14:10:32.061"/>
</kw>
<kw name="Run Keyword And Return Status" library="BuiltIn">
<var>${present}</var>
<arg>Element Should Be Visible</arg>
<arg>//button[@class='c-button-unstyled p-message_pane__unread_banner__msg']</arg>
<doc>Runs the given keyword with given arguments and returns the status as a Boolean value.</doc>
<kw name="Element Should Be Visible" library="Selenium2Library">
<arg>//button[@class='c-button-unstyled p-message_pane__unread_banner__msg']</arg>
<doc>Verifies that the element identified by ``locator`` is visible.</doc>
<kw name="Capture Page Screenshot" library="Selenium2Library">
<doc>Takes a screenshot of the current page and embeds it into a log file.</doc>
<msg timestamp="20211113 14:10:32.246" level="INFO" html="true">&lt;/td&gt;&lt;/tr&gt;&lt;tr&gt;&lt;td colspan="3"&gt;&lt;a href="selenium-screenshot-19.png"&gt;&lt;img src="selenium-screenshot-19.png" width="800px"&gt;&lt;/a&gt;</msg>
<status status="PASS" starttime="20211113 14:10:32.099" endtime="20211113 14:10:32.246"/>
</kw>
<msg timestamp="20211113 14:10:32.247" level="FAIL">Element with locator '//button[@class='c-button-unstyled p-message_pane__unread_banner__msg']' not found.</msg>
<status status="FAIL" starttime="20211113 14:10:32.062" endtime="20211113 14:10:32.247"/>
</kw>
<msg timestamp="20211113 14:10:32.248" level="INFO">${present} = False</msg>
<status status="PASS" starttime="20211113 14:10:32.061" endtime="20211113 14:10:32.248"/>
</kw>
<kw name="Run Keyword If" library="BuiltIn">
<arg>${present}</arg>
<arg>Click Element</arg>
<arg>//button[@class='c-button-unstyled p-message_pane__unread_banner__msg']</arg>
<doc>Runs the given keyword with the given arguments, if ``condition`` is true.</doc>
<status status="PASS" starttime="20211113 14:10:32.248" endtime="20211113 14:10:32.248"/>
</kw>
<kw name="Sleep" library="BuiltIn">
<arg>2s</arg>
<doc>Pauses the test executed for the given time.</doc>
<msg timestamp="20211113 14:10:34.249" level="INFO">Slept 2 seconds</msg>
<status status="PASS" starttime="20211113 14:10:32.248" endtime="20211113 14:10:34.250"/>
</kw>
<kw name="Scroll Element Into View" library="Selenium2Library">
<arg>(//div[@class='c-virtual_list__scroll_container'])[2]/div[@class='c-virtual_list__item'][last()]</arg>
<doc>Scrolls the element identified by ``locator`` into view.</doc>
<status status="PASS" starttime="20211113 14:10:34.250" endtime="20211113 14:10:34.597"/>
</kw>
<kw name="Get Date For Message Tab" library="HelpFunc">
<var>${date}</var>
<arg>la</arg>
<msg timestamp="20211113 14:10:34.598" level="INFO">${date} = lauantaina 13.11</msg>
<status status="PASS" starttime="20211113 14:10:34.597" endtime="20211113 14:10:34.599"/>
</kw>
<kw name="Element Should Contain" library="Selenium2Library">
<arg>(//div[@class='c-virtual_list__scroll_container'])[2]/div[@class='c-virtual_list__item'][last()]</arg>
<arg>Kukaan ei ole toimistolla ${date}</arg>
<doc>Verifies that element ``locator`` contains text ``expected``.</doc>
<msg timestamp="20211113 14:10:34.683" level="INFO">Element '(//div[@class='c-virtual_list__scroll_container'])[2]/div[@class='c-virtual_list__item'][last()]' contains text 'Kukaan ei ole toimistolla lauantaina 13.11'.</msg>
<status status="PASS" starttime="20211113 14:10:34.599" endtime="20211113 14:10:34.683"/>
</kw>
<status status="PASS" starttime="20211113 14:10:29.134" endtime="20211113 14:10:34.684"/>
</test>
<test id="s1-s3-t4" name="List Sunday Command Gives Correct Respond">
<kw name="Input Text" library="Selenium2Library">
<arg>//div[@data-qa='message_input']/div</arg>
<arg>${LIST_COMMAND} su</arg>
<doc>Types the given ``text`` into the text field identified by ``locator``.</doc>
<msg timestamp="20211113 14:10:34.685" level="INFO">Typing text '/lindalistaa su' into text field '//div[@data-qa='message_input']/div'.</msg>
<status status="PASS" starttime="20211113 14:10:34.685" endtime="20211113 14:10:34.914"/>
</kw>
<kw name="Click Element" library="Selenium2Library">
<arg>//button[@data-qa='texty_send_button']</arg>
<doc>Click the element identified by ``locator``.</doc>
<msg timestamp="20211113 14:10:34.916" level="INFO">Clicking element '//button[@data-qa='texty_send_button']'.</msg>
<status status="PASS" starttime="20211113 14:10:34.915" endtime="20211113 14:10:35.090"/>
</kw>
<kw name="Sleep" library="BuiltIn">
<arg>2s</arg>
<doc>Pauses the test executed for the given time.</doc>
<msg timestamp="20211113 14:10:37.091" level="INFO">Slept 2 seconds</msg>
<status status="PASS" starttime="20211113 14:10:35.090" endtime="20211113 14:10:37.091"/>
</kw>
<kw name="Run Keyword And Return Status" library="BuiltIn">
<var>${present}</var>
<arg>Element Should Be Visible</arg>
<arg>//button[@class='c-button-unstyled p-message_pane__unread_banner__msg']</arg>
<doc>Runs the given keyword with given arguments and returns the status as a Boolean value.</doc>
<kw name="Element Should Be Visible" library="Selenium2Library">
<arg>//button[@class='c-button-unstyled p-message_pane__unread_banner__msg']</arg>
<doc>Verifies that the element identified by ``locator`` is visible.</doc>
<kw name="Capture Page Screenshot" library="Selenium2Library">
<doc>Takes a screenshot of the current page and embeds it into a log file.</doc>
<msg timestamp="20211113 14:10:37.282" level="INFO" html="true">&lt;/td&gt;&lt;/tr&gt;&lt;tr&gt;&lt;td colspan="3"&gt;&lt;a href="selenium-screenshot-20.png"&gt;&lt;img src="selenium-screenshot-20.png" width="800px"&gt;&lt;/a&gt;</msg>
<status status="PASS" starttime="20211113 14:10:37.121" endtime="20211113 14:10:37.283"/>
</kw>
<msg timestamp="20211113 14:10:37.283" level="FAIL">Element with locator '//button[@class='c-button-unstyled p-message_pane__unread_banner__msg']' not found.</msg>
<status status="FAIL" starttime="20211113 14:10:37.093" endtime="20211113 14:10:37.283"/>
</kw>
<msg timestamp="20211113 14:10:37.283" level="INFO">${present} = False</msg>
<status status="PASS" starttime="20211113 14:10:37.092" endtime="20211113 14:10:37.283"/>
</kw>
<kw name="Run Keyword If" library="BuiltIn">
<arg>${present}</arg>
<arg>Click Element</arg>
<arg>//button[@class='c-button-unstyled p-message_pane__unread_banner__msg']</arg>
<doc>Runs the given keyword with the given arguments, if ``condition`` is true.</doc>
<status status="PASS" starttime="20211113 14:10:37.284" endtime="20211113 14:10:37.284"/>
</kw>
<kw name="Sleep" library="BuiltIn">
<arg>2s</arg>
<doc>Pauses the test executed for the given time.</doc>
<msg timestamp="20211113 14:10:39.285" level="INFO">Slept 2 seconds</msg>
<status status="PASS" starttime="20211113 14:10:37.284" endtime="20211113 14:10:39.285"/>
</kw>
<kw name="Scroll Element Into View" library="Selenium2Library">
<arg>(//div[@class='c-virtual_list__scroll_container'])[2]/div[@class='c-virtual_list__item'][last()]</arg>
<doc>Scrolls the element identified by ``locator`` into view.</doc>
<status status="PASS" starttime="20211113 14:10:39.286" endtime="20211113 14:10:39.609"/>
</kw>
<kw name="Get Date For Message Tab" library="HelpFunc">
<var>${date}</var>
<arg>su</arg>
<msg timestamp="20211113 14:10:39.611" level="INFO">${date} = sunnuntaina 14.11</msg>
<status status="PASS" starttime="20211113 14:10:39.610" endtime="20211113 14:10:39.611"/>
</kw>
<kw name="Element Should Contain" library="Selenium2Library">
<arg>(//div[@class='c-virtual_list__scroll_container'])[2]/div[@class='c-virtual_list__item'][last()]</arg>
<arg>Kukaan ei ole toimistolla ${date}</arg>
<doc>Verifies that element ``locator`` contains text ``expected``.</doc>
<msg timestamp="20211113 14:10:39.685" level="INFO">Element '(//div[@class='c-virtual_list__scroll_container'])[2]/div[@class='c-virtual_list__item'][last()]' contains text 'Kukaan ei ole toimistolla sunnuntaina 14.11'.</msg>
<status status="PASS" starttime="20211113 14:10:39.612" endtime="20211113 14:10:39.685"/>
</kw>
<status status="PASS" starttime="20211113 14:10:34.684" endtime="20211113 14:10:39.685"/>
</test>
<kw name="Close Test Browser" library="common" type="TEARDOWN">
<kw name="Close All Browsers" library="Selenium2Library">
<doc>Closes all open browsers and resets the browser cache.</doc>
<status status="PASS" starttime="20211113 14:10:39.686" endtime="20211113 14:10:39.787"/>
</kw>
<status status="PASS" starttime="20211113 14:10:39.686" endtime="20211113 14:10:39.788"/>
</kw>
<status status="PASS" starttime="20211113 14:10:16.233" endtime="20211113 14:10:39.788"/>
</suite>
<status status="PASS" starttime="20211113 14:09:44.212" endtime="20211113 14:10:39.790"/>
</suite>
<statistics>
<total>
<stat pass="10" fail="0" skip="0">All Tests</stat>
</total>
<tag>
</tag>
<suite>
<stat pass="10" fail="0" skip="0" id="s1" name="Testcases">Testcases</stat>
<stat pass="4" fail="0" skip="0" id="s1-s1" name="Guest Suite">Testcases.Guest Suite</stat>
<stat pass="2" fail="0" skip="0" id="s1-s2" name="Home Tab Signups">Testcases.Home Tab Signups</stat>
<stat pass="4" fail="0" skip="0" id="s1-s3" name="Message Tab">Testcases.Message Tab</stat>
</suite>
</statistics>
<errors>
</errors>
</robot>
