<?xml version="1.0" encoding="UTF-8"?>
<robot generator="Robot 4.1.1 (Python 3.8.3 on linux)" generated="20211117 07:10:05.090" rpa="false" schemaversion="2">
<suite id="s1" name="Home Tab Signups" source="/home/linjokin/Documents/ohtu-projekti/hytuslain/test/e2e/testcases/02__home_tab_signups.robot">
<kw name="Open Slack In Browser And Login As User" library="common" type="SETUP">
<kw name="Open Browser" library="Selenium2Library">
<arg>${LOGIN URL}</arg>
<arg>${BROWSER}</arg>
<doc>Opens a new browser instance to the optional ``url``.</doc>
<msg timestamp="20211117 07:10:05.251" level="INFO">Opening browser 'Chrome' to base url 'https://dev-hytuslain.slack.com'.</msg>
<status status="PASS" starttime="20211117 07:10:05.250" endtime="20211117 07:10:07.378"/>
</kw>
<kw name="Wait Until Element Is Visible" library="Selenium2Library">
<arg>//input[@data-qa='login_email']</arg>
<doc>Waits until the element ``locator`` is visible.</doc>
<status status="PASS" starttime="20211117 07:10:07.378" endtime="20211117 07:10:07.410"/>
</kw>
<kw name="Input Text" library="Selenium2Library">
<arg>//input[@data-qa='login_email']</arg>
<arg>${USER_EMAIL}</arg>
<doc>Types the given ``text`` into the text field identified by ``locator``.</doc>
<msg timestamp="20211117 07:10:07.411" level="INFO">Typing text '508ef628-b957-4779-98bf-80c0963fb4f2@mailslurp.com' into text field '//input[@data-qa='login_email']'.</msg>
<status status="PASS" starttime="20211117 07:10:07.411" endtime="20211117 07:10:07.764"/>
</kw>
<kw name="Input Password" library="Selenium2Library">
<arg>//input[@data-qa='login_password']</arg>
<arg>${USER_PASSWORD}</arg>
<doc>Types the given password into the text field identified by ``locator``.</doc>
<msg timestamp="20211117 07:10:07.765" level="INFO">Typing password into text field '//input[@data-qa='login_password']'.</msg>
<msg timestamp="20211117 07:10:07.799" level="INFO">Temporally setting log level to: NONE</msg>
<msg timestamp="20211117 07:10:07.893" level="INFO">Log level changed from NONE to INFO.</msg>
<status status="PASS" starttime="20211117 07:10:07.764" endtime="20211117 07:10:07.893"/>
</kw>
<kw name="Click Element" library="Selenium2Library">
<arg>//button[@data-qa='signin_button']</arg>
<doc>Click the element identified by ``locator``.</doc>
<msg timestamp="20211117 07:10:07.893" level="INFO">Clicking element '//button[@data-qa='signin_button']'.</msg>
<status status="PASS" starttime="20211117 07:10:07.893" endtime="20211117 07:10:09.190"/>
</kw>
<kw name="Sleep" library="BuiltIn">
<arg>2s</arg>
<doc>Pauses the test executed for the given time.</doc>
<msg timestamp="20211117 07:10:11.191" level="INFO">Slept 2 seconds</msg>
<status status="PASS" starttime="20211117 07:10:09.191" endtime="20211117 07:10:11.191"/>
</kw>
<kw name="Cancel Popup" library="HelpFunc">
<status status="PASS" starttime="20211117 07:10:11.192" endtime="20211117 07:10:11.234"/>
</kw>
<kw name="Go To" library="Selenium2Library">
<arg>${LOGIN URL}</arg>
<doc>Navigates the current browser window to the provided ``url``.</doc>
<msg timestamp="20211117 07:10:11.235" level="INFO">Opening url 'https://dev-hytuslain.slack.com'</msg>
<status status="PASS" starttime="20211117 07:10:11.234" endtime="20211117 07:10:14.808"/>
</kw>
<status status="PASS" starttime="20211117 07:10:05.250" endtime="20211117 07:10:14.808"/>
</kw>
<test id="s1-t1" name="Can Open Home Tab">
<kw name="Sleep" library="BuiltIn">
<arg>1s</arg>
<doc>Pauses the test executed for the given time.</doc>
<msg timestamp="20211117 07:10:15.809" level="INFO">Slept 1 second</msg>
<status status="PASS" starttime="20211117 07:10:14.809" endtime="20211117 07:10:15.809"/>
</kw>
<kw name="Maximize Browser Window" library="Selenium2Library">
<doc>Maximizes current browser window.</doc>
<status status="PASS" starttime="20211117 07:10:15.810" endtime="20211117 07:10:16.148"/>
</kw>
<kw name="Scroll Element Into View" library="Selenium2Library">
<arg>//span[@data-qa='channel_sidebar_name_test-hybridilusmu']</arg>
<doc>Scrolls the element identified by ``locator`` into view.</doc>
<status status="PASS" starttime="20211117 07:10:16.148" endtime="20211117 07:10:16.986"/>
</kw>
<kw name="Wait Until Element Is Visible" library="Selenium2Library">
<arg>//span[@data-qa='channel_sidebar_name_test-hybridilusmu']</arg>
<doc>Waits until the element ``locator`` is visible.</doc>
<status status="PASS" starttime="20211117 07:10:16.986" endtime="20211117 07:10:17.046"/>
</kw>
<kw name="Click Element" library="Selenium2Library">
<arg>//span[@data-qa='channel_sidebar_name_test-hybridilusmu']</arg>
<doc>Click the element identified by ``locator``.</doc>
<msg timestamp="20211117 07:10:17.047" level="INFO">Clicking element '//span[@data-qa='channel_sidebar_name_test-hybridilusmu']'.</msg>
<status status="PASS" starttime="20211117 07:10:17.046" endtime="20211117 07:10:17.251"/>
</kw>
<kw name="Element Should Contain" library="Selenium2Library">
<arg>//div[@data-qa='channel_name']</arg>
<arg>test-hybridilusmu</arg>
<doc>Verifies that element ``locator`` contains text ``expected``.</doc>
<msg timestamp="20211117 07:10:17.355" level="INFO">Element '//div[@data-qa='channel_name']' contains text 'test-hybridilusmu'.</msg>
<status status="PASS" starttime="20211117 07:10:17.251" endtime="20211117 07:10:17.355"/>
</kw>
<status status="PASS" starttime="20211117 07:10:14.808" endtime="20211117 07:10:17.356"/>
</test>
<test id="s1-t2" name="Correct Dates">
<kw name="Wait Until Element Is Visible" library="Selenium2Library">
<arg>//button[@data-qa-action-id='update_click']</arg>
<doc>Waits until the element ``locator`` is visible.</doc>
<status status="PASS" starttime="20211117 07:10:17.358" endtime="20211117 07:10:17.853"/>
</kw>
<for flavor="IN RANGE">
<var>${INDEX}</var>
<value>0</value>
<value>${10}</value>
<iter>
<var name="${INDEX}">0</var>
<kw name="Get Date For Home Tab Signups" library="HelpFunc">
<var>${date}</var>
<arg>${INDEX}</arg>
<msg timestamp="20211117 07:10:17.855" level="INFO">${date} = Keskiviikko 17.11</msg>
<status status="PASS" starttime="20211117 07:10:17.855" endtime="20211117 07:10:17.855"/>
</kw>
<kw name="Scroll Element Into View" library="Selenium2Library">
<arg>//div[@data-qa='block-kit-renderer']//div[contains(h3, '${date}')]</arg>
<doc>Scrolls the element identified by ``locator`` into view.</doc>
<status status="PASS" starttime="20211117 07:10:17.855" endtime="20211117 07:10:18.137"/>
</kw>
<kw name="Wait Until Element Is Visible" library="Selenium2Library">
<arg>//div[@data-qa='block-kit-renderer']//div[contains(h3, '${date}')]</arg>
<doc>Waits until the element ``locator`` is visible.</doc>
<status status="PASS" starttime="20211117 07:10:18.137" endtime="20211117 07:10:18.171"/>
</kw>
<status status="PASS" starttime="20211117 07:10:17.854" endtime="20211117 07:10:18.171"/>
</iter>
<iter>
<var name="${INDEX}">1</var>
<kw name="Get Date For Home Tab Signups" library="HelpFunc">
<var>${date}</var>
<arg>${INDEX}</arg>
<msg timestamp="20211117 07:10:18.173" level="INFO">${date} = Torstai 18.11</msg>
<status status="PASS" starttime="20211117 07:10:18.172" endtime="20211117 07:10:18.173"/>
</kw>
<kw name="Scroll Element Into View" library="Selenium2Library">
<arg>//div[@data-qa='block-kit-renderer']//div[contains(h3, '${date}')]</arg>
<doc>Scrolls the element identified by ``locator`` into view.</doc>
<status status="PASS" starttime="20211117 07:10:18.173" endtime="20211117 07:10:18.530"/>
</kw>
<kw name="Wait Until Element Is Visible" library="Selenium2Library">
<arg>//div[@data-qa='block-kit-renderer']//div[contains(h3, '${date}')]</arg>
<doc>Waits until the element ``locator`` is visible.</doc>
<status status="PASS" starttime="20211117 07:10:18.530" endtime="20211117 07:10:18.555"/>
</kw>
<status status="PASS" starttime="20211117 07:10:18.172" endtime="20211117 07:10:18.555"/>
</iter>
<iter>
<var name="${INDEX}">2</var>
<kw name="Get Date For Home Tab Signups" library="HelpFunc">
<var>${date}</var>
<arg>${INDEX}</arg>
<msg timestamp="20211117 07:10:18.555" level="INFO">${date} = Perjantai 19.11</msg>
<status status="PASS" starttime="20211117 07:10:18.555" endtime="20211117 07:10:18.555"/>
</kw>
<kw name="Scroll Element Into View" library="Selenium2Library">
<arg>//div[@data-qa='block-kit-renderer']//div[contains(h3, '${date}')]</arg>
<doc>Scrolls the element identified by ``locator`` into view.</doc>
<status status="PASS" starttime="20211117 07:10:18.555" endtime="20211117 07:10:18.827"/>
</kw>
<kw name="Wait Until Element Is Visible" library="Selenium2Library">
<arg>//div[@data-qa='block-kit-renderer']//div[contains(h3, '${date}')]</arg>
<doc>Waits until the element ``locator`` is visible.</doc>
<status status="PASS" starttime="20211117 07:10:18.828" endtime="20211117 07:10:18.868"/>
</kw>
<status status="PASS" starttime="20211117 07:10:18.555" endtime="20211117 07:10:18.868"/>
</iter>
<iter>
<var name="${INDEX}">3</var>
<kw name="Get Date For Home Tab Signups" library="HelpFunc">
<var>${date}</var>
<arg>${INDEX}</arg>
<msg timestamp="20211117 07:10:18.869" level="INFO">${date} = Maanantai 22.11</msg>
<status status="PASS" starttime="20211117 07:10:18.869" endtime="20211117 07:10:18.869"/>
</kw>
<kw name="Scroll Element Into View" library="Selenium2Library">
<arg>//div[@data-qa='block-kit-renderer']//div[contains(h3, '${date}')]</arg>
<doc>Scrolls the element identified by ``locator`` into view.</doc>
<status status="PASS" starttime="20211117 07:10:18.869" endtime="20211117 07:10:19.142"/>
</kw>
<kw name="Wait Until Element Is Visible" library="Selenium2Library">
<arg>//div[@data-qa='block-kit-renderer']//div[contains(h3, '${date}')]</arg>
<doc>Waits until the element ``locator`` is visible.</doc>
<status status="PASS" starttime="20211117 07:10:19.143" endtime="20211117 07:10:19.155"/>
</kw>
<status status="PASS" starttime="20211117 07:10:18.869" endtime="20211117 07:10:19.155"/>
</iter>
<iter>
<var name="${INDEX}">4</var>
<kw name="Get Date For Home Tab Signups" library="HelpFunc">
<var>${date}</var>
<arg>${INDEX}</arg>
<msg timestamp="20211117 07:10:19.156" level="INFO">${date} = Maanantai 22.11</msg>
<status status="PASS" starttime="20211117 07:10:19.155" endtime="20211117 07:10:19.156"/>
</kw>
<kw name="Scroll Element Into View" library="Selenium2Library">
<arg>//div[@data-qa='block-kit-renderer']//div[contains(h3, '${date}')]</arg>
<doc>Scrolls the element identified by ``locator`` into view.</doc>
<status status="PASS" starttime="20211117 07:10:19.156" endtime="20211117 07:10:19.420"/>
</kw>
<kw name="Wait Until Element Is Visible" library="Selenium2Library">
<arg>//div[@data-qa='block-kit-renderer']//div[contains(h3, '${date}')]</arg>
<doc>Waits until the element ``locator`` is visible.</doc>
<status status="PASS" starttime="20211117 07:10:19.421" endtime="20211117 07:10:19.461"/>
</kw>
<status status="PASS" starttime="20211117 07:10:19.155" endtime="20211117 07:10:19.461"/>
</iter>
<iter>
<var name="${INDEX}">5</var>
<kw name="Get Date For Home Tab Signups" library="HelpFunc">
<var>${date}</var>
<arg>${INDEX}</arg>
<msg timestamp="20211117 07:10:19.463" level="INFO">${date} = Maanantai 22.11</msg>
<status status="PASS" starttime="20211117 07:10:19.462" endtime="20211117 07:10:19.463"/>
</kw>
<kw name="Scroll Element Into View" library="Selenium2Library">
<arg>//div[@data-qa='block-kit-renderer']//div[contains(h3, '${date}')]</arg>
<doc>Scrolls the element identified by ``locator`` into view.</doc>
<status status="PASS" starttime="20211117 07:10:19.463" endtime="20211117 07:10:19.747"/>
</kw>
<kw name="Wait Until Element Is Visible" library="Selenium2Library">
<arg>//div[@data-qa='block-kit-renderer']//div[contains(h3, '${date}')]</arg>
<doc>Waits until the element ``locator`` is visible.</doc>
<status status="PASS" starttime="20211117 07:10:19.748" endtime="20211117 07:10:19.794"/>
</kw>
<status status="PASS" starttime="20211117 07:10:19.462" endtime="20211117 07:10:19.794"/>
</iter>
<iter>
<var name="${INDEX}">6</var>
<kw name="Get Date For Home Tab Signups" library="HelpFunc">
<var>${date}</var>
<arg>${INDEX}</arg>
<msg timestamp="20211117 07:10:19.795" level="INFO">${date} = Tiistai 23.11</msg>
<status status="PASS" starttime="20211117 07:10:19.794" endtime="20211117 07:10:19.795"/>
</kw>
<kw name="Scroll Element Into View" library="Selenium2Library">
<arg>//div[@data-qa='block-kit-renderer']//div[contains(h3, '${date}')]</arg>
<doc>Scrolls the element identified by ``locator`` into view.</doc>
<status status="PASS" starttime="20211117 07:10:19.795" endtime="20211117 07:10:20.069"/>
</kw>
<kw name="Wait Until Element Is Visible" library="Selenium2Library">
<arg>//div[@data-qa='block-kit-renderer']//div[contains(h3, '${date}')]</arg>
<doc>Waits until the element ``locator`` is visible.</doc>
<status status="PASS" starttime="20211117 07:10:20.070" endtime="20211117 07:10:20.108"/>
</kw>
<status status="PASS" starttime="20211117 07:10:19.794" endtime="20211117 07:10:20.108"/>
</iter>
<iter>
<var name="${INDEX}">7</var>
<kw name="Get Date For Home Tab Signups" library="HelpFunc">
<var>${date}</var>
<arg>${INDEX}</arg>
<msg timestamp="20211117 07:10:20.109" level="INFO">${date} = Keskiviikko 24.11</msg>
<status status="PASS" starttime="20211117 07:10:20.108" endtime="20211117 07:10:20.109"/>
</kw>
<kw name="Scroll Element Into View" library="Selenium2Library">
<arg>//div[@data-qa='block-kit-renderer']//div[contains(h3, '${date}')]</arg>
<doc>Scrolls the element identified by ``locator`` into view.</doc>
<status status="PASS" starttime="20211117 07:10:20.109" endtime="20211117 07:10:20.386"/>
</kw>
<kw name="Wait Until Element Is Visible" library="Selenium2Library">
<arg>//div[@data-qa='block-kit-renderer']//div[contains(h3, '${date}')]</arg>
<doc>Waits until the element ``locator`` is visible.</doc>
<status status="PASS" starttime="20211117 07:10:20.386" endtime="20211117 07:10:20.427"/>
</kw>
<status status="PASS" starttime="20211117 07:10:20.108" endtime="20211117 07:10:20.427"/>
</iter>
<iter>
<var name="${INDEX}">8</var>
<kw name="Get Date For Home Tab Signups" library="HelpFunc">
<var>${date}</var>
<arg>${INDEX}</arg>
<msg timestamp="20211117 07:10:20.428" level="INFO">${date} = Torstai 25.11</msg>
<status status="PASS" starttime="20211117 07:10:20.428" endtime="20211117 07:10:20.429"/>
</kw>
<kw name="Scroll Element Into View" library="Selenium2Library">
<arg>//div[@data-qa='block-kit-renderer']//div[contains(h3, '${date}')]</arg>
<doc>Scrolls the element identified by ``locator`` into view.</doc>
<status status="PASS" starttime="20211117 07:10:20.429" endtime="20211117 07:10:20.719"/>
</kw>
<kw name="Wait Until Element Is Visible" library="Selenium2Library">
<arg>//div[@data-qa='block-kit-renderer']//div[contains(h3, '${date}')]</arg>
<doc>Waits until the element ``locator`` is visible.</doc>
<status status="PASS" starttime="20211117 07:10:20.719" endtime="20211117 07:10:20.765"/>
</kw>
<status status="PASS" starttime="20211117 07:10:20.427" endtime="20211117 07:10:20.765"/>
</iter>
<iter>
<var name="${INDEX}">9</var>
<kw name="Get Date For Home Tab Signups" library="HelpFunc">
<var>${date}</var>
<arg>${INDEX}</arg>
<msg timestamp="20211117 07:10:20.767" level="INFO">${date} = Perjantai 26.11</msg>
<status status="PASS" starttime="20211117 07:10:20.766" endtime="20211117 07:10:20.767"/>
</kw>
<kw name="Scroll Element Into View" library="Selenium2Library">
<arg>//div[@data-qa='block-kit-renderer']//div[contains(h3, '${date}')]</arg>
<doc>Scrolls the element identified by ``locator`` into view.</doc>
<status status="PASS" starttime="20211117 07:10:20.767" endtime="20211117 07:10:21.067"/>
</kw>
<kw name="Wait Until Element Is Visible" library="Selenium2Library">
<arg>//div[@data-qa='block-kit-renderer']//div[contains(h3, '${date}')]</arg>
<doc>Waits until the element ``locator`` is visible.</doc>
<status status="PASS" starttime="20211117 07:10:21.067" endtime="20211117 07:10:21.084"/>
</kw>
<status status="PASS" starttime="20211117 07:10:20.765" endtime="20211117 07:10:21.084"/>
</iter>
<status status="PASS" starttime="20211117 07:10:17.854" endtime="20211117 07:10:21.084"/>
</for>
<status status="PASS" starttime="20211117 07:10:17.357" endtime="20211117 07:10:21.084"/>
</test>
<kw name="Close Test Browser" library="common" type="TEARDOWN">
<kw name="Close All Browsers" library="Selenium2Library">
<doc>Closes all open browsers and resets the browser cache.</doc>
<status status="PASS" starttime="20211117 07:10:21.085" endtime="20211117 07:10:21.207"/>
</kw>
<status status="PASS" starttime="20211117 07:10:21.085" endtime="20211117 07:10:21.207"/>
</kw>
<status status="PASS" starttime="20211117 07:10:05.091" endtime="20211117 07:10:21.207"/>
</suite>
<statistics>
<total>
<stat pass="2" fail="0" skip="0">All Tests</stat>
</total>
<tag>
</tag>
<suite>
<stat pass="2" fail="0" skip="0" id="s1" name="Home Tab Signups">Home Tab Signups</stat>
</suite>
</statistics>
<errors>
</errors>
</robot>
